WARNING:tensorflow:From /usr/lib/python2.7/site-packages/tensorflow/python/ops/resource_variable_ops.py:435: colocate_with (from tensorflow.python.framework.ops) is deprecated and will be removed in a future version.
Instructions for updating:
Colocations handled automatically by placer.
WARNING:tensorflow:From /usr/lib/python2.7/site-packages/tensorflow/python/keras/layers/core.py:143: calling dropout (from tensorflow.python.ops.nn_ops) with keep_prob is deprecated and will be removed in a future version.
Instructions for updating:
Please use `rate` instead of `keep_prob`. Rate should be set to `rate = 1 - keep_prob`.
2019-07-22 17:32:46.418427: I tensorflow/core/platform/cpu_feature_guard.cc:141] Your CPU supports instructions that this TensorFlow binary was not compiled to use: AVX2 FMA
2019-07-22 17:32:46.741718: I tensorflow/compiler/xla/service/service.cc:150] XLA service 0x9a362e0 executing computations on platform CUDA. Devices:
2019-07-22 17:32:46.741766: I tensorflow/compiler/xla/service/service.cc:158]   StreamExecutor device (0): Tesla V100-PCIE-16GB, Compute Capability 7.0
2019-07-22 17:32:46.745784: I tensorflow/core/platform/profile_utils/cpu_utils.cc:94] CPU Frequency: 2199990000 Hz
2019-07-22 17:32:46.748763: I tensorflow/compiler/xla/service/service.cc:150] XLA service 0x9b84300 executing computations on platform Host. Devices:
2019-07-22 17:32:46.748811: I tensorflow/compiler/xla/service/service.cc:158]   StreamExecutor device (0): <undefined>, <undefined>
2019-07-22 17:32:46.749186: I tensorflow/core/common_runtime/gpu/gpu_device.cc:1433] Found device 0 with properties: 
name: Tesla V100-PCIE-16GB major: 7 minor: 0 memoryClockRate(GHz): 1.38
pciBusID: 0000:04:00.0
totalMemory: 15.75GiB freeMemory: 15.44GiB
2019-07-22 17:32:46.749233: I tensorflow/core/common_runtime/gpu/gpu_device.cc:1512] Adding visible gpu devices: 0
2019-07-22 17:32:46.753373: I tensorflow/core/common_runtime/gpu/gpu_device.cc:984] Device interconnect StreamExecutor with strength 1 edge matrix:
2019-07-22 17:32:46.753408: I tensorflow/core/common_runtime/gpu/gpu_device.cc:990]      0 
2019-07-22 17:32:46.753436: I tensorflow/core/common_runtime/gpu/gpu_device.cc:1003] 0:   N 
2019-07-22 17:32:46.753672: I tensorflow/core/common_runtime/gpu/gpu_device.cc:1115] Created TensorFlow device (/job:localhost/replica:0/task:0/device:GPU:0 with 15022 MB memory) -> physical GPU (device: 0, name: Tesla V100-PCIE-16GB, pci bus id: 0000:04:00.0, compute capability: 7.0)
WARNING:tensorflow:From /usr/lib/python2.7/site-packages/tensorflow/python/ops/math_ops.py:3066: to_int32 (from tensorflow.python.ops.math_ops) is deprecated and will be removed in a future version.
Instructions for updating:
Use tf.cast instead.
2019-07-22 17:33:00.203537: I tensorflow/stream_executor/dso_loader.cc:152] successfully opened CUDA library libcublas.so.10.0 locally
/var/lib/condor/execute/dir_769133/condor_exec.exe: line 15: 769186 Killed                  python /home/yyoun/deepcmeson/5-Model/model_cfy.py $@
